<?xml version="1.0" encoding="UTF-8"?>
<testng-results skipped="0" failed="0" total="1" passed="1">
  <reporter-output>
  </reporter-output>
  <suite name="Default suite" duration-ms="10793" started-at="2015-01-21T09:13:13Z" finished-at="2015-01-21T09:13:24Z">
    <groups>
    </groups>
    <test name="Default test" duration-ms="10793" started-at="2015-01-21T09:13:13Z" finished-at="2015-01-21T09:13:24Z">
      <class name="testscript.DriverScript">
        <test-method status="PASS" signature="initialize()[pri:0, instance:testscript.DriverScript@691ccf]" name="initialize" is-config="true" duration-ms="706" started-at="2015-01-21T14:43:12Z" finished-at="2015-01-21T14:43:13Z">
          <reporter-output>
          </reporter-output>
        </test-method> <!-- initialize -->
        <test-method status="PASS" signature="initialize()[pri:0, instance:testscript.DriverScript@691ccf]" name="initialize" is-config="true" duration-ms="77" started-at="2015-01-21T14:43:13Z" finished-at="2015-01-21T14:43:13Z">
          <reporter-output>
          </reporter-output>
        </test-method> <!-- initialize -->
        <test-method status="PASS" signature="testApp()[pri:0, instance:testscript.DriverScript@691ccf]" name="testApp" duration-ms="10708" started-at="2015-01-21T14:43:13Z" finished-at="2015-01-21T14:43:24Z">
          <reporter-output>
          </reporter-output>
        </test-method> <!-- testApp -->
        <test-method status="PASS" signature="endScript()[pri:0, instance:testscript.DriverScript@691ccf]" name="endScript" is-config="true" duration-ms="0" started-at="2015-01-21T14:43:24Z" finished-at="2015-01-21T14:43:24Z">
          <reporter-output>
          </reporter-output>
        </test-method> <!-- endScript -->
      </class> <!-- testscript.DriverScript -->
    </test> <!-- Default test -->
  </suite> <!-- Default suite -->
</testng-results>
